<?xml version="1.0" encoding="utf-8"?><testsuites name="pytest tests"><testsuite name="pytest" errors="0" failures="0" skipped="0" tests="6" time="6.841" timestamp="2026-09-06T15:04:52.726952+02:00" hostname="ASD"><testcase classname="tests.test_v3_command_center_adapters" name="test_ask_goes_through_v2_approvals_and_nothing_runs_before_owner_decides" time="2.069" /><testcase classname="tests.test_v3_command_center_adapters" name="test_real_chain_completes_after_owner_approval_with_real_files_and_receipts" time="1.102" /><testcase classname="tests.test_v3_command_center_adapters" name="test_restart_between_steps_resumes_from_the_unfinished_one" time="1.074" /><testcase classname="tests.test_v3_command_center_adapters" name="test_tool_ran_but_expected_effect_absent_is_not_completed" time="0.880" /><testcase classname="tests.test_v3_command_center_adapters" name="test_step_without_declared_expectation_is_never_verified" time="0.730" /><testcase classname="tests.test_v3_command_center_adapters" name="test_denied_by_v2_policy_never_executes" time="0.397" /></testsuite></testsuites>