<?xml version="1.0" encoding="utf-8"?><testsuites name="pytest tests"><testsuite name="pytest" errors="0" failures="0" skipped="0" tests="4" time="3.795" timestamp="2026-09-06T15:11:50.797122+02:00" hostname="ASD"><testcase classname="tests.test_apprentice_core" name="test_stale_observation_forces_reobserve" time="0.010" /><testcase classname="tests.test_coinwise_observation" name="test_a_stale_observation_is_not_classified" time="0.003" /><testcase classname="tests.test_trading_lookahead" name="test_stale_observation_is_dropped_and_can_fail_loudly" time="0.003" /><testcase classname="tests.test_v3_fence_receipts" name="test_stale_observation_never_closes_a_step" time="0.102" /></testsuite></testsuites>