<?xml version="1.0" encoding="utf-8"?><testsuites name="pytest tests"><testsuite name="pytest" errors="0" failures="3" skipped="8" tests="388" time="221.939" timestamp="2026-09-06T15:12:39.654620+02:00" hostname="ASD"><testcase classname="" name="tests.test_video_studio_interchange" time="0.000"><skipped message="collection skipped">('C:\\Users\\timur\\AppData\\Local\\Temp\\opencode\\kimi-wt\\command-center\\tests\\test_video_studio_interchange.py', 5, 'Skipped: install video-interchange extra')</skipped></testcase><testcase classname="tests.test_continuity_desktop_ui" name="test_desktop_navigation_theme_and_mobile" time="7.634" /><testcase classname="tests.test_fable_video_chaos" name="test_missing_ffmpeg_is_an_honest_error_never_a_silent_pass" time="1.712" /><testcase classname="tests.test_fable_video_chaos" name="test_ffmpeg_crash_mid_render_never_publishes_an_artifact" time="0.848" /><testcase classname="tests.test_fable_video_chaos" name="test_verification_failure_is_never_downloadable" time="1.150" /><testcase classname="tests.test_fable_video_chaos" name="test_stale_same_size_substitution_with_restored_mtime_is_refused" time="1.175" /><testcase classname="tests.test_fable_video_chaos" name="test_cross_run_receipt_reuse_cannot_publish_another_jobs_artifact" time="1.672" /><testcase classname="tests.test_fable_video_chaos" name="test_completed_status_alone_never_authorizes_a_download" time="1.159" /><testcase classname="tests.test_fable_video_chaos" name="test_absurd_and_nan_export_parameters_are_rejected_before_any_render[options0-422]" time="0.771" /><testcase classname="tests.test_fable_video_chaos" name="test_absurd_and_nan_export_parameters_are_rejected_before_any_render[options1-422]" time="0.790" /><testcase classname="tests.test_fable_video_chaos" name="test_absurd_and_nan_export_parameters_are_rejected_before_any_render[options2-422]" time="0.812" /><testcase classname="tests.test_fable_video_chaos" name="test_absurd_and_nan_export_parameters_are_rejected_before_any_render[options3-422]" time="0.768" /><testcase classname="tests.test_fable_video_chaos" name="test_non_finite_json_numbers_never_reach_the_encoder[NaN]" time="0.746" /><testcase classname="tests.test_fable_video_chaos" name="test_non_finite_json_numbers_never_reach_the_encoder[Infinity]" time="0.720" /><testcase classname="tests.test_fable_video_chaos" name="test_non_finite_json_numbers_never_reach_the_encoder[-Infinity]" time="0.728" /><testcase classname="tests.test_fable_video_chaos" name="test_corrupt_media_upload_is_refused_and_never_becomes_a_source" time="0.771" /><testcase classname="tests.test_fable_video_chaos" name="test_verified_artifact_survives_restart_and_cache_eviction" time="1.173" /><testcase classname="tests.test_fable_video_chaos" name="test_interrupted_export_is_recoverable_by_re_export" time="1.273" /><testcase classname="tests.test_fable_video_chaos" name="test_cancellation_mid_render_leaves_no_half_verified_artifact" time="0.752" /><testcase classname="tests.test_fable_video_chaos" name="test_concurrent_exports_each_stay_independently_downloadable" time="1.322" /><testcase classname="tests.test_fable_video_chaos" name="test_repeated_and_concurrent_thumbnail_requests_stay_honest" time="1.049" /><testcase classname="tests.test_fable_video_chaos" name="test_source_media_substitution_is_caught_on_read" time="0.759" /><testcase classname="tests.test_fable_video_chaos" name="test_adjustment_clip_project_exports_or_fails_honestly" time="1.213" /><testcase classname="tests.test_fable_video_chaos" name="test_large_media_export_completes_and_verifies_within_budget" time="1.657" /><testcase classname="tests.test_fable_video_chaos" name="test_evicted_reverse_intermediate_is_rebuilt_not_permanently_poisoned" time="0.934" /><testcase classname="tests.test_fable_video_chaos" name="test_corrupted_content_addressed_media_is_repairable_by_reimport" time="0.259" /><testcase classname="tests.test_fable_video_chaos" name="test_evicted_nested_reverse_intermediate_is_rebuilt" time="3.086" /><testcase classname="tests.test_fable_video_chaos" name="test_identical_bytes_restored_under_a_new_inode_stay_downloadable" time="1.106" /><testcase classname="tests.test_golden_missions" name="test_mission_09_video_export" time="1.099"><failure message="AssertionError: waiting_approval&#10;assert 'waiting_approval' == 'completed'&#10;  &#10;  - completed&#10;  + waiting_approval">E   AssertionError: waiting_approval
    assert 'waiting_approval' == 'completed'
      
      - completed
      + waiting_approval</failure></testcase><testcase classname="tests.test_ux2_desktop" name="test_find_browser_prefers_preinstalled_chromium" time="0.007" /><testcase classname="tests.test_ux2_desktop" name="test_browser_argv_is_app_window_without_secret" time="0.002" /><testcase classname="tests.test_ux2_desktop" name="test_run_reuses_running_server_and_does_not_bind_twice" time="0.656" /><testcase classname="tests.test_ux2_desktop" name="test_run_reports_missing_browser" time="0.004" /><testcase classname="tests.test_ux2_desktop" name="test_local_health_checks_ignore_proxy_environment" time="2.472" /><testcase classname="tests.test_ux2_desktop" name="test_real_chromium_app_window_renders_command_center" time="4.788" /><testcase classname="tests.test_ux2_desktop" name="test_linux_shortcut_is_written_and_valid" time="0.026" /><testcase classname="tests.test_ux2_desktop" name="test_windows_shortcut_script_quotes_safely" time="0.002" /><testcase classname="tests.test_ux2_desktop" name="test_install_windows_uses_powershell_argv" time="0.003" /><testcase classname="tests.test_ux2_desktop" name="test_run_install_shortcut_exits_zero" time="0.002" /><testcase classname="tests.test_ux2_desktop" name="test_busy_port_with_foreign_app_is_refused" time="0.635" /><testcase classname="tests.test_ux2_desktop" name="test_identity_of_real_server" time="0.617" /><testcase classname="tests.test_ux2_desktop" name="test_second_window_refused_while_first_instance_alive" time="31.978"><failure message="assert 3 == 0">E   assert 3 == 0</failure></testcase><testcase classname="tests.test_ux2_desktop" name="test_fast_browser_exit_is_logged_with_hint" time="0.017" /><testcase classname="tests.test_ux2_desktop" name="test_launcher_shows_access_token_but_never_writes_it_to_logs" time="0.647" /><testcase classname="tests.test_ux2_desktop" name="test_no_show_token_keeps_the_secret_off_screen" time="0.527" /><testcase classname="tests.test_ux2_desktop" name="test_shortcut_carries_no_secret_and_console_mode_is_explicit" time="0.003" /><testcase classname="tests.test_ux2_desktop" name="test_console_python_is_chosen_on_windows" time="0.002" /><testcase classname="tests.test_ux2_desktop" name="test_access_banner_warns_only_when_console_owns_the_app" time="0.002" /><testcase classname="tests.test_ux2_desktop" name="test_browser_launch_failure_is_reported_and_logged" time="0.564" /><testcase classname="tests.test_ux2_desktop" name="test_run_log_records_the_exact_window_command" time="0.654" /><testcase classname="tests.test_ux2_desktop" name="test_tests_never_write_into_the_owner_data_dir" time="1.042" /><testcase classname="tests.test_ux2_desktop" name="test_every_exit_path_leaves_a_matching_line_in_the_run_log" time="0.535" /><testcase classname="tests.test_ux2_desktop" name="test_server_start_failure_reports_the_reason" time="0.015" /><testcase classname="tests.test_ux2_desktop" name="test_stale_lock_from_a_killed_run_does_not_block_the_window" time="0.534" /><testcase classname="tests.test_ux2_desktop" name="test_live_lock_still_refuses_a_second_window" time="0.548" /><testcase classname="tests.test_ux2_desktop" name="test_pid_liveness_is_honest_about_this_process_and_a_dead_one" time="0.002" /><testcase classname="tests.test_ux2_desktop" name="test_missing_std_streams_are_bound_to_a_file_log" time="0.011" /><testcase classname="tests.test_ux2_desktop" name="test_console_binding_is_a_no_op_when_a_console_exists" time="0.002" /><testcase classname="tests.test_ux2_desktop" name="test_std_streams_are_never_left_none_even_if_data_dir_is_unusable" time="0.002" /><testcase classname="tests.test_ux2_desktop" name="test_gui_console_log_keeps_previous_runs" time="0.010" /><testcase classname="tests.test_ux2_desktop" name="test_gui_launch_keeps_the_token_out_of_the_file_log" time="0.008" /><testcase classname="tests.test_ux2_desktop" name="test_console_launch_still_shows_the_token" time="0.003" /><testcase classname="tests.test_ux2_desktop" name="test_token_announce_is_silenced_when_output_goes_to_a_file" time="0.003" /><testcase classname="tests.test_ux2_desktop" name="test_only_a_missing_stdout_hides_the_token" time="0.003" /><testcase classname="tests.test_ux2_desktop" name="test_explicit_show_token_is_respected_even_without_a_console" time="0.003" /><testcase classname="tests.test_ux2_desktop" name="test_runtime_window_timeout_is_passed_to_launcher" time="4.454" /><testcase classname="tests.test_ux2_desktop" name="test_lock_records_window_opened_at" time="4.488" /><testcase classname="tests.test_ux2_desktop" name="test_status_prints_json_state_without_launching" time="1.527" /><testcase classname="tests.test_ux2_desktop" name="test_bcc_open_entry_command_gets_web_flag" time="0.003" /><testcase classname="tests.test_ux2_desktop" name="test_bcc_desktop_entry_does_not_inject_web_flag" time="0.002" /><testcase classname="tests.test_ux2_desktop" name="test_desktop_tests_never_touch_the_real_database" time="0.003" /><testcase classname="tests.test_ux2_desktop" name="test_server_backed_runs_survive_a_missing_repo_database" time="4.478" /><testcase classname="tests.test_ux2_desktop" name="test_working_window_outliving_startup_timeout_is_never_killed" time="1.561" /><testcase classname="tests.test_ux2_desktop" name="test_window_that_dies_early_returns_its_own_exit_code" time="0.217" /><testcase classname="tests.test_ux2_desktop" name="test_unconfirmed_window_is_closed_only_when_readiness_is_checkable" time="0.416" /><testcase classname="tests.test_ux2_desktop" name="test_confirmed_window_waits_for_the_owner_not_for_the_timeout" time="1.260" /><testcase classname="tests.test_video_export_receipt" name="test_full_decode_only_once_and_never_in_completion_hook" time="0.935" /><testcase classname="tests.test_video_export_receipt" name="test_durable_receipt_survives_service_restart_not_wrong_run" time="0.926" /><testcase classname="tests.test_video_export_receipt" name="test_receipt_is_not_transferable_or_a_mutable_trust_cache[unsigned]" time="1.565" /><testcase classname="tests.test_video_export_receipt" name="test_receipt_is_not_transferable_or_a_mutable_trust_cache[verification]" time="0.878" /><testcase classname="tests.test_video_export_receipt" name="test_receipt_is_not_transferable_or_a_mutable_trust_cache[snapshot]" time="0.888" /><testcase classname="tests.test_video_export_receipt" name="test_receipt_is_not_transferable_or_a_mutable_trust_cache[options]" time="0.858" /><testcase classname="tests.test_video_export_receipt" name="test_receipt_is_not_transferable_or_a_mutable_trust_cache[path]" time="0.924" /><testcase classname="tests.test_video_export_receipt" name="test_receipt_is_not_transferable_or_a_mutable_trust_cache[same-size-bytes]" time="0.880" /><testcase classname="tests.test_video_export_receipt" name="test_timeout_retains_safe_actionable_diagnostics" time="0.387" /><testcase classname="tests.test_video_export_receipt" name="test_restored_metadata_cannot_bypass_windows_integrity_recheck" time="0.875" /><testcase classname="tests.test_video_native_finalize_contract" name="test_native_executor_cannot_bypass_required_effects[missing-effect]" time="0.423" /><testcase classname="tests.test_video_native_finalize_contract" name="test_native_executor_cannot_bypass_required_effects[observed-effect]" time="0.397" /><testcase classname="tests.test_video_studio_advanced" name="test_long_reverse_disk_proxy_actual_pixels_audio_cache_and_pure_project[False]" time="1.964" /><testcase classname="tests.test_video_studio_advanced" name="test_long_reverse_disk_proxy_actual_pixels_audio_cache_and_pure_project[True]" time="2.486" /><testcase classname="tests.test_video_studio_advanced" name="test_measured_scene_silence_drive_only_evidenced_ranges" time="1.025" /><testcase classname="tests.test_video_studio_advanced" name="test_audio_multicam_correlation_actual_offset_and_ambiguous_refusal" time="0.576" /><testcase classname="tests.test_video_studio_advanced" name="test_autoframe_measured_coordinates_and_interpolation_bounds" time="0.002" /><testcase classname="tests.test_video_studio_advanced" name="test_actual_scope_artifact[waveform]" time="0.200" /><testcase classname="tests.test_video_studio_advanced" name="test_actual_scope_artifact[histogram]" time="0.187" /><testcase classname="tests.test_video_studio_advanced" name="test_actual_scope_artifact[vectorscope]" time="0.186" /><testcase classname="tests.test_video_studio_advanced" name="test_actual_encoder_probe_and_bad_parameters" time="0.037" /><testcase classname="tests.test_video_studio_advanced" name="test_long_audio_only_reverse_proxy" time="0.312" /><testcase classname="tests.test_video_studio_advanced" name="test_actual_tracking_autoframe_render_keeps_moving_subject_centered" time="1.237" /><testcase classname="tests.test_video_studio_cfr_frames" name="test_cfr_count_respects_tick_rounded_frame_boundaries[fps0]" time="0.002" /><testcase classname="tests.test_video_studio_cfr_frames" name="test_cfr_count_respects_tick_rounded_frame_boundaries[fps1]" time="0.002" /><testcase classname="tests.test_video_studio_cfr_frames" name="test_cfr_count_respects_tick_rounded_frame_boundaries[fps2]" time="0.002" /><testcase classname="tests.test_video_studio_cfr_frames" name="test_cfr_count_respects_tick_rounded_frame_boundaries[fps3]" time="0.002" /><testcase classname="tests.test_video_studio_cfr_frames" name="test_cfr_count_rejects_unbounded_or_untyped_time[0]" time="0.002" /><testcase classname="tests.test_video_studio_cfr_frames" name="test_cfr_count_rejects_unbounded_or_untyped_time[-1]" time="0.002" /><testcase classname="tests.test_video_studio_cfr_frames" name="test_cfr_count_rejects_unbounded_or_untyped_time[True]" time="0.002" /><testcase classname="tests.test_video_studio_cfr_frames" name="test_cfr_count_rejects_unbounded_or_untyped_time[1.5]" time="0.002" /><testcase classname="tests.test_video_studio_cfr_frames" name="test_cfr_count_rejects_unbounded_or_untyped_time[86400000001]" time="0.002" /><testcase classname="tests.test_video_studio_cfr_frames" name="test_real_cfr_keeps_actual_endpoint_content_audio_count_and_pts[fps0-7]" time="0.727" /><testcase classname="tests.test_video_studio_cfr_frames" name="test_real_cfr_keeps_actual_endpoint_content_audio_count_and_pts[fps1-25]" time="0.782" /><testcase classname="tests.test_video_studio_cfr_frames" name="test_real_cfr_keeps_actual_endpoint_content_audio_count_and_pts[fps2-15]" time="0.745" /><testcase classname="tests.test_video_studio_cfr_frames" name="test_real_cfr_keeps_actual_endpoint_content_audio_count_and_pts[fps3-30]" time="0.766" /><testcase classname="tests.test_video_studio_cfr_frames" name="test_real_cfr_keeps_actual_endpoint_content_audio_count_and_pts[fps4-7]" time="0.718" /><testcase classname="tests.test_video_studio_cfr_frames" name="test_real_cfr_keeps_actual_endpoint_content_audio_count_and_pts[fps5-1]" time="0.589" /><testcase classname="tests.test_video_studio_cfr_frames" name="test_rational_range_keeps_selected_final_source_frame[3-7]" time="0.513" /><testcase classname="tests.test_video_studio_cfr_frames" name="test_rational_range_keeps_selected_final_source_frame[2-4]" time="0.090"><failure message="bcc.video_studio.model.StudioError: Clip extends beyond source duration">E   bcc.video_studio.model.StudioError: Clip extends beyond source duration</failure></testcase><testcase classname="tests.test_video_studio_cfr_frames" name="test_rational_range_keeps_selected_final_source_frame[1-3]" time="0.456" /><testcase classname="tests.test_video_studio_cfr_frames" name="test_rational_range_keeps_selected_final_source_frame[1-7]" time="0.486" /><testcase classname="tests.test_video_studio_cfr_frames" name="test_non_aligned_interval_uses_integer_frame_limit[1100000-1800000]" time="0.470" /><testcase classname="tests.test_video_studio_cfr_frames" name="test_non_aligned_interval_uses_integer_frame_limit[20000-120000]" time="0.439" /><testcase classname="tests.test_video_studio_cfr_frames" name="test_non_aligned_interval_uses_integer_frame_limit[10000-700000]" time="0.465" /><testcase classname="tests.test_video_studio_color" name="test_native_pixels_preserve_tagged_source_across_preview_sizes[bt709]" time="0.888" /><testcase classname="tests.test_video_studio_color" name="test_native_pixels_preserve_tagged_source_across_preview_sizes[smpte170m]" time="0.898" /><testcase classname="tests.test_video_studio_domain" name="test_precise_ticks_and_speed_have_no_accumulating_float_drift" time="0.040" /><testcase classname="tests.test_video_studio_domain" name="test_split_preserves_source_and_timeline_coverage_without_mutation" time="0.002" /><testcase classname="tests.test_video_studio_domain" name="test_reverse_split_preserves_reversed_playback_order" time="0.002" /><testcase classname="tests.test_video_studio_domain" name="test_invalid_timeline_values_rejected[-1]" time="0.002" /><testcase classname="tests.test_video_studio_domain" name="test_invalid_timeline_values_rejected[True]" time="0.001" /><testcase classname="tests.test_video_studio_domain" name="test_invalid_timeline_values_rejected[1.5]" time="0.001" /><testcase classname="tests.test_video_studio_domain" name="test_invalid_timeline_values_rejected[1000000000000000000]" time="0.001" /><testcase classname="tests.test_video_studio_domain" name="test_split_outside_interior_rejected[0]" time="0.001" /><testcase classname="tests.test_video_studio_domain" name="test_split_outside_interior_rejected[4000000]" time="0.001" /><testcase classname="tests.test_video_studio_domain" name="test_split_outside_interior_rejected[5000000]" time="0.001" /><testcase classname="tests.test_video_studio_domain" name="test_ripple_trim_and_delete_preserve_downstream_order" time="0.002" /><testcase classname="tests.test_video_studio_domain" name="test_roll_preserves_total_duration_and_adjacency" time="0.002" /><testcase classname="tests.test_video_studio_domain" name="test_slip_preserves_start_duration_and_shifts_content" time="0.001" /><testcase classname="tests.test_video_studio_domain" name="test_slide_changes_neighbors_without_changing_program_duration" time="0.002" /><testcase classname="tests.test_video_studio_domain" name="test_locked_track_and_unknown_clip_fail_without_partial_batch" time="0.002" /><testcase classname="tests.test_video_studio_domain" name="test_group_move_and_detached_audio_share_motion" time="0.002" /><testcase classname="tests.test_video_studio_domain" name="test_speed_ramp_has_exact_segment_duration_and_rejects_gaps" time="0.002" /><testcase classname="tests.test_video_studio_domain" name="test_numeric_easing[linear-0.5]" time="0.001" /><testcase classname="tests.test_video_studio_domain" name="test_numeric_easing[hold-0]" time="0.001" /><testcase classname="tests.test_video_studio_domain" name="test_numeric_easing[ease_in-0.25]" time="0.001" /><testcase classname="tests.test_video_studio_domain" name="test_numeric_easing[ease_out-0.75]" time="0.001" /><testcase classname="tests.test_video_studio_domain" name="test_numeric_easing[ease_in_out-0.5]" time="0.001" /><testcase classname="tests.test_video_studio_domain" name="test_split_keyframes_preserves_value_at_cut" time="0.002" /><testcase classname="tests.test_video_studio_domain" name="test_nested_sequence_cycle_and_future_schema_rejected" time="0.001" /><testcase classname="tests.test_video_studio_domain" name="test_transcript_cut_only_keeps_requested_source_ranges" time="0.002" /><testcase classname="tests.test_video_studio_domain" name="test_cas_replay_and_operation_identity" time="0.137" /><testcase classname="tests.test_video_studio_domain" name="test_dryrun_preserves_revision_and_operation_id" time="0.141" /><testcase classname="tests.test_video_studio_domain" name="test_undo_redo_agent_edit_and_branch_invalidation" time="0.146" /><testcase classname="tests.test_video_studio_domain" name="test_human_lease_blocks_agent_without_consuming_revision" time="0.139" /><testcase classname="tests.test_video_studio_domain" name="test_reopen_database_retains_history_and_idempotency" time="0.164" /><testcase classname="tests.test_video_studio_domain" name="test_concurrent_writers_cannot_lose_an_update" time="0.146" /><testcase classname="tests.test_video_studio_domain" name="test_project_lease_covers_child_objects_and_track_lease_covers_clips" time="0.147" /><testcase classname="tests.test_video_studio_domain" name="test_duplicate_is_complete_atomic_and_idempotent" time="0.141" /><testcase classname="tests.test_video_studio_domain" name="test_adjustment_is_timed_without_fake_media" time="0.002" /><testcase classname="tests.test_video_studio_domain" name="test_training_and_holdout_gold_commands_are_valid_real_domain_operations" time="0.018" /><testcase classname="tests.test_video_studio_domain" name="test_concurrent_edit_leases_have_one_owner" time="0.160" /><testcase classname="tests.test_video_studio_domain" name="test_child_lease_blocks_parent_change_and_parent_lease" time="0.148" /><testcase classname="tests.test_video_studio_domain" name="test_output_fps_rejects_unrenderable_project_at_admission" time="0.002" /><testcase classname="tests.test_video_studio_domain" name="test_shared_dag_validation_is_linear_and_render_expansion_is_bounded" time="0.006" /><testcase classname="tests.test_video_studio_frame_split" name="test_linked_split_at_rational_frame_preserves_coverage_and_original[fps0-37]" time="0.003" /><testcase classname="tests.test_video_studio_frame_split" name="test_linked_split_at_rational_frame_preserves_coverage_and_original[fps1-37]" time="0.002" /><testcase classname="tests.test_video_studio_frame_split" name="test_linked_split_at_rational_frame_preserves_coverage_and_original[fps2-37]" time="0.003" /><testcase classname="tests.test_video_studio_frame_split" name="test_linked_split_at_rational_frame_preserves_coverage_and_original[fps3-37]" time="0.002" /><testcase classname="tests.test_video_studio_frame_split" name="test_right_pair_moves_together_without_dragging_left_halves" time="0.002" /><testcase classname="tests.test_video_studio_frame_split" name="test_reverse_linked_split_preserves_source_order" time="0.002" /><testcase classname="tests.test_video_studio_frame_split" name="test_bad_split_has_no_partial_edits[args0]" time="0.002" /><testcase classname="tests.test_video_studio_frame_split" name="test_bad_split_has_no_partial_edits[args1]" time="0.002" /><testcase classname="tests.test_video_studio_frame_split" name="test_bad_split_has_no_partial_edits[args2]" time="0.002" /><testcase classname="tests.test_video_studio_frame_split" name="test_bad_split_has_no_partial_edits[args3]" time="0.002" /><testcase classname="tests.test_video_studio_frame_split" name="test_bad_split_has_no_partial_edits[args4]" time="0.002" /><testcase classname="tests.test_video_studio_frame_split" name="test_bad_split_has_no_partial_edits[args5]" time="0.002" /><testcase classname="tests.test_video_studio_frame_split" name="test_bad_split_has_no_partial_edits[args6]" time="0.002" /><testcase classname="tests.test_video_studio_frame_split" name="test_bad_split_has_no_partial_edits[args7]" time="0.002" /><testcase classname="tests.test_video_studio_frame_split" name="test_bad_split_has_no_partial_edits[args8]" time="0.002" /><testcase classname="tests.test_video_studio_frame_split" name="test_bad_split_has_no_partial_edits[args9]" time="0.002" /><testcase classname="tests.test_video_studio_frame_split" name="test_linked_partner_constraints_block_atomic_edit[locked]" time="0.002" /><testcase classname="tests.test_video_studio_frame_split" name="test_linked_partner_constraints_block_atomic_edit[one-way]" time="0.002" /><testcase classname="tests.test_video_studio_frame_split" name="test_linked_partner_constraints_block_atomic_edit[self-link]" time="0.002" /><testcase classname="tests.test_video_studio_frame_split" name="test_linked_partner_constraints_block_atomic_edit[missing-link]" time="0.002" /><testcase classname="tests.test_video_studio_frame_split" name="test_linked_partner_constraints_block_atomic_edit[group]" time="0.002" /><testcase classname="tests.test_video_studio_frame_split" name="test_linked_partner_constraints_block_atomic_edit[outside-partner]" time="0.002" /><testcase classname="tests.test_video_studio_frame_split" name="test_held_keyframe_after_cut_is_not_changed_to_a_ramp" time="0.002" /><testcase classname="tests.test_video_studio_frame_split" name="test_unsupported_eased_curve_does_not_silently_change_animation" time="0.002" /><testcase classname="tests.test_video_studio_frame_split" name="test_constant_speed_split_preserves_exact_timeline_ticks[speed0]" time="0.002" /><testcase classname="tests.test_video_studio_frame_split" name="test_constant_speed_split_preserves_exact_timeline_ticks[speed1]" time="0.002" /><testcase classname="tests.test_video_studio_frame_split" name="test_constant_speed_split_preserves_exact_timeline_ticks[speed2]" time="0.002" /><testcase classname="tests.test_video_studio_frame_split" name="test_split_undo_redo_dryrun_and_replay_use_one_atomic_revision" time="0.159" /><testcase classname="tests.test_video_studio_frame_split" name="test_partner_lease_blocks_agent_and_does_not_consume_revision" time="0.147" /><testcase classname="tests.test_video_studio_frame_split" name="test_authenticated_http_split_and_existing_native_tool_share_behavior" time="0.404" /><testcase classname="tests.test_video_studio_frame_split" name="test_unrepresentable_slow_source_boundary_rejected_without_tick_gap" time="0.002" /><testcase classname="tests.test_video_studio_frame_split" name="test_real_linked_split_render_matches_baseline_without_source_mutation" time="0.843" /><testcase classname="tests.test_video_studio_frame_split" name="test_exact_export_frame_count" time="0.839" /><testcase classname="tests.test_video_studio_frame_split" name="test_split_at_hold_jump_preserves_new_value_and_following_curve" time="0.002" /><testcase classname="tests.test_video_studio_integration" name="test_intents[\u0421\u043a\u043b\u0435\u0439 \u044d\u0442\u0438 \u0434\u0432\u0430 \u0432\u0438\u0434\u0435\u043e-True]" time="0.002" /><testcase classname="tests.test_video_studio_integration" name="test_intents[\u0421\u0434\u0435\u043b\u0430\u0439 Reels \u0438\u0437 \u044d\u0442\u043e\u0433\u043e \u0440\u043e\u043b\u0438\u043a\u0430-True]" time="0.001" /><testcase classname="tests.test_video_studio_integration" name="test_intents[\u0414\u043e\u0431\u0430\u0432\u044c \u0440\u0443\u0441\u0441\u043a\u0438\u0435 \u0441\u0443\u0431\u0442\u0438\u0442\u0440\u044b-True]" time="0.001" /><testcase classname="tests.test_video_studio_integration" name="test_intents[\u0423\u0431\u0435\u0440\u0438 \u043f\u0430\u0443\u0437\u044b \u0438 \u0448\u0443\u043c \u0438\u0437 \u0432\u0438\u0434\u0435\u043e-True]" time="0.001" /><testcase classname="tests.test_video_studio_integration" name="test_intents[\u0421\u0434\u0435\u043b\u0430\u0439 \u0440\u0435\u043a\u043b\u0430\u043c\u0443 Fresh Vibes \u043d\u0430 30 \u0441\u0435\u043a\u0443\u043d\u0434-True]" time="0.001" /><testcase classname="tests.test_video_studio_integration" name="test_intents[\u041e\u0442\u043a\u0440\u043e\u0439 \u044d\u0442\u043e\u0442 \u043f\u0440\u043e\u0435\u043a\u0442 \u0438 \u0437\u0430\u043c\u0435\u043d\u0438 \u043c\u0443\u0437\u044b\u043a\u0443-True]" time="0.001" /><testcase classname="tests.test_video_studio_integration" name="test_intents[\u041a\u0430\u043a \u043c\u043e\u043d\u0442\u0438\u0440\u043e\u0432\u0430\u0442\u044c \u0432\u0438\u0434\u0435\u043e?-False]" time="0.001" /><testcase classname="tests.test_video_studio_integration" name="test_intents[Explain how to edit video-False]" time="0.002" /><testcase classname="tests.test_video_studio_integration" name="test_intents[\u0420\u0430\u0441\u0441\u043a\u0430\u0436\u0438 \u043f\u0440\u043e Reels-False]" time="0.001" /><testcase classname="tests.test_video_studio_integration" name="test_auth_and_chat_idempotency" time="0.335" /><testcase classname="tests.test_video_studio_integration" name="test_command_revision_dryrun_replay_and_media_forgery" time="0.352" /><testcase classname="tests.test_video_studio_integration" name="test_tools_preserve_authority_and_shared_store" time="0.333" /><testcase classname="tests.test_video_studio_integration" name="test_actual_chat_upload_edit_preview_export" time="1.850" /><testcase classname="tests.test_video_studio_integration" name="test_bad_upload_cleans_temporary_and_preserves_revision" time="0.408" /><testcase classname="tests.test_video_studio_integration" name="test_registered_executor_keeps_critical_admission_and_completion" time="0.395" /><testcase classname="tests.test_video_studio_integration" name="test_human_lease_blocks_agent_and_invalid_fields_are_not_500" time="0.357" /><testcase classname="tests.test_video_studio_integration" name="test_video_reservation_caps_unknown_memory_and_release" time="0.417" /><testcase classname="tests.test_video_studio_integration" name="test_caption_import_version_comparison_and_asr_blocked" time="0.727" /><testcase classname="tests.test_video_studio_integration" name="test_optional_real_trained_proposal_is_queued_pure_and_reviewable" time="0.359"><skipped type="pytest.skip" message="explicit local adapter integration probe not enabled">C:\Users\timur\AppData\Local\Temp\opencode\kimi-wt\command-center\tests\test_video_studio_integration.py:244: explicit local adapter integration probe not enabled</skipped></testcase><testcase classname="tests.test_video_studio_language" name="test_uninstalled_language_pair_is_explicitly_rejected[ru-en]" time="0.002" /><testcase classname="tests.test_video_studio_language" name="test_uninstalled_language_pair_is_explicitly_rejected[fr-ru]" time="0.002" /><testcase classname="tests.test_video_studio_language" name="test_uninstalled_language_pair_is_explicitly_rejected[en-de]" time="0.001" /><testcase classname="tests.test_video_studio_language" name="test_bounds_reject_instead_of_truncate" time="0.001" /><testcase classname="tests.test_video_studio_language" name="test_missing_model_has_no_cloud_fallback" time="0.003" /><testcase classname="tests.test_video_studio_language" name="test_real_cpu_english_to_russian_preserves_cues_and_uses_cache" time="0.002"><skipped type="pytest.skip" message="Optional Marian weights/runtime not configured">C:\Users\timur\AppData\Local\Temp\opencode\kimi-wt\command-center\tests\test_video_studio_language.py:36: Optional Marian weights/runtime not configured</skipped></testcase><testcase classname="tests.test_video_studio_queued_extensions" name="test_real_cached_prepare_scopes_probe_and_interchange" time="1.227" /><testcase classname="tests.test_video_studio_queued_extensions" name="test_cancel_and_expired_video_job_never_replay" time="0.457" /><testcase classname="tests.test_video_studio_queued_extensions" name="test_portable_roundtrip_and_unexpected_zip_member_denied" time="0.976" /><testcase classname="tests.test_video_studio_queued_extensions" name="test_queued_tracking_preserves_integer_time_contract" time="0.665" /><testcase classname="tests.test_video_studio_queued_extensions" name="test_nonvideo_question_uses_existing_agent_without_project" time="0.535" /><testcase classname="tests.test_video_studio_queued_extensions" name="test_real_translation_job_is_reviewed_draft" time="0.000"><skipped type="pytest.skip" message="explicit local translation integration flag required">C:\Users\timur\AppData\Local\Temp\opencode\kimi-wt\command-center\tests\test_video_studio_queued_extensions.py:139: explicit local translation integration flag required</skipped></testcase><testcase classname="tests.test_video_studio_read_verification" name="test_twenty_concurrent_gets_share_one_full_hash" time="0.145" /><testcase classname="tests.test_video_studio_read_verification" name="test_sequential_gets_rehash_even_after_same_size_restored_mtime" time="0.095" /><testcase classname="tests.test_video_studio_read_verification" name="test_cancelled_get_does_not_cancel_other_waiter" time="0.079" /><testcase classname="tests.test_video_studio_read_verification" name="test_verified_content_changed_during_hash_is_rejected" time="0.082" /><testcase classname="tests.test_video_studio_read_verification" name="test_bounded_pool_rejects_overload_and_releases_capacity" time="0.005" /><testcase classname="tests.test_video_studio_read_verification" name="test_hash_failure_is_not_cached" time="0.099" /><testcase classname="tests.test_video_studio_read_verification" name="test_confinement_and_hash_reference_checked_per_caller" time="0.095" /><testcase classname="tests.test_video_studio_read_verification" name="test_completed_hash_waiting_for_cleanup_is_never_reused" time="0.004" /><testcase classname="tests.test_video_studio_read_verification" name="test_reference_mutation_cannot_redirect_admitted_read" time="0.076" /><testcase classname="tests.test_video_studio_read_verification" name="test_busy_http_response_is_retryable_without_exposing_storage" time="0.002" /><testcase classname="tests.test_video_studio_read_verification" name="test_authenticated_media_download_rechecks_actual_content" time="0.458" /><testcase classname="tests.test_video_studio_recovery_races" name="test_old_gate_fail_cannot_requeue_new_owner[False]" time="0.408" /><testcase classname="tests.test_video_studio_recovery_races" name="test_old_gate_fail_cannot_requeue_new_owner[True]" time="0.384" /><testcase classname="tests.test_video_studio_recovery_races" name="test_retry_enqueue_after_committed_job" time="0.346" /><testcase classname="tests.test_video_studio_recovery_races" name="test_renewed_reservation_not_expired_by_stale_tick" time="0.326" /><testcase classname="tests.test_video_studio_recovery_races" name="test_concurrent_replay_repairs_only_one_durable_draft" time="0.502" /><testcase classname="tests.test_video_studio_recovery_races" name="test_recovery_rechecks_expiry_after_new_heartbeat[0]" time="0.386" /><testcase classname="tests.test_video_studio_recovery_races" name="test_recovery_rechecks_expiry_after_new_heartbeat[2]" time="0.423" /><testcase classname="tests.test_video_studio_render" name="test_real_render_preview_export_and_probe" time="1.199" /><testcase classname="tests.test_video_studio_render" name="test_prepare_real_cache_and_content_integrity" time="0.266" /><testcase classname="tests.test_video_studio_render" name="test_playlist_rejected_before_demux" time="0.019" /><testcase classname="tests.test_video_studio_render" name="test_temporal_multitrack_and_text_real[speed]" time="0.465" /><testcase classname="tests.test_video_studio_render" name="test_temporal_multitrack_and_text_real[reverse]" time="0.458" /><testcase classname="tests.test_video_studio_render" name="test_temporal_multitrack_and_text_real[freeze]" time="0.420" /><testcase classname="tests.test_video_studio_render" name="test_temporal_multitrack_and_text_real[ramp]" time="0.446" /><testcase classname="tests.test_video_studio_render" name="test_temporal_multitrack_and_text_real[nested]" time="0.493" /><testcase classname="tests.test_video_studio_render" name="test_temporal_multitrack_and_text_real[title]" time="0.521" /><testcase classname="tests.test_video_studio_render" name="test_temporal_multitrack_and_text_real[captions]" time="0.511" /><testcase classname="tests.test_video_studio_render" name="test_temporal_multitrack_and_text_real[keyframes]" time="0.554" /><testcase classname="tests.test_video_studio_render" name="test_temporal_multitrack_and_text_real[mix]" time="0.461" /><testcase classname="tests.test_video_studio_render" name="test_effects_real_decode[effect0]" time="0.440" /><testcase classname="tests.test_video_studio_render" name="test_effects_real_decode[effect1]" time="0.549" /><testcase classname="tests.test_video_studio_render" name="test_effects_real_decode[effect2]" time="0.466" /><testcase classname="tests.test_video_studio_render" name="test_effects_real_decode[effect3]" time="0.458" /><testcase classname="tests.test_video_studio_render" name="test_effects_real_decode[effect4]" time="0.461" /><testcase classname="tests.test_video_studio_render" name="test_effects_real_decode[effect5]" time="0.500" /><testcase classname="tests.test_video_studio_render" name="test_effects_real_decode[effect6]" time="0.477" /><testcase classname="tests.test_video_studio_render" name="test_effects_real_decode[effect7]" time="0.478" /><testcase classname="tests.test_video_studio_render" name="test_effects_real_decode[effect8]" time="0.446" /><testcase classname="tests.test_video_studio_render" name="test_effects_real_decode[effect9]" time="0.473" /><testcase classname="tests.test_video_studio_render" name="test_unknown_effect_and_output_escape_fail" time="0.107" /><testcase classname="tests.test_video_studio_render" name="test_process_cancellation_reaps_child" time="0.558" /><testcase classname="tests.test_video_studio_render" name="test_pixel_evidence_concat_range_preview_equivalent" time="1.090" /><testcase classname="tests.test_video_studio_render" name="test_actual_silence_black_diagnostics_and_ducking" time="0.877" /><testcase classname="tests.test_video_studio_render" name="test_caption_roundtrip_and_bad_time[srt]" time="0.002" /><testcase classname="tests.test_video_studio_render" name="test_caption_roundtrip_and_bad_time[vtt]" time="0.002" /><testcase classname="tests.test_video_studio_render" name="test_asr_no_model_does_not_invent_captions" time="0.003" /><testcase classname="tests.test_video_studio_render" name="test_adjustment_interval_changes_lower_composite_only_inside_range" time="0.570" /><testcase classname="tests.test_video_studio_render" name="test_detach_audio_is_not_doubled" time="0.940" /><testcase classname="tests.test_video_studio_render" name="test_lut_and_blend_produce_actual_pixels" time="0.882" /><testcase classname="tests.test_video_studio_render" name="test_stream_copy_compatible_actual_and_reject_processing" time="0.695" /><testcase classname="tests.test_video_studio_render" name="test_local_optical_flow_actual_moving_region" time="0.394" /><testcase classname="tests.test_video_studio_render" name="test_installed_local_whisper_real_speech" time="0.000"><skipped type="pytest.skip" message="optional downloaded Whisper model not installed">C:\Users\timur\AppData\Local\Temp\opencode\kimi-wt\command-center\tests\test_video_studio_render.py:268: optional downloaded Whisper model not installed</skipped></testcase><testcase classname="tests.test_video_studio_retrieval" name="test_search_returns_exact_caption_time_without_visual_claim" time="0.007" /><testcase classname="tests.test_video_studio_retrieval" name="test_broll_only_returns_existing_matching_imported_ids" time="0.309" /><testcase classname="tests.test_video_studio_retrieval" name="test_real_duplicate_sampler_distinguishes_reencoded_red_from_blue" time="0.429" /><testcase classname="tests.test_video_studio_shotcut" name="test_native_xml_references_only_verified_owned_media" time="0.280" /><testcase classname="tests.test_video_studio_shotcut" name="test_effect_is_rejected_instead_of_silently_lost" time="0.254" /><testcase classname="tests.test_video_studio_shotcut" name="test_actual_shotcut_mlt_render_has_both_scenes_and_audio" time="0.009"><skipped type="pytest.skip" message="install Shotcut portable and configure BOSSMAN_VIDEO_MELT">C:\Users\timur\AppData\Local\Temp\opencode\kimi-wt\command-center\tests\test_video_studio_shotcut.py:51: install Shotcut portable and configure BOSSMAN_VIDEO_MELT</skipped></testcase><testcase classname="tests.test_video_studio_shotcut" name="test_actual_shotcut_multitrack_compositing_and_static_gain" time="0.007"><skipped type="pytest.skip" message="Shotcut/MLT executable required">C:\Users\timur\AppData\Local\Temp\opencode\kimi-wt\command-center\tests\test_video_studio_shotcut.py:67: Shotcut/MLT executable required</skipped></testcase><testcase classname="tests.test_video_studio_skill_scenarios" name="test_executable_skill_workflow[stitch_two]" time="2.302" /><testcase classname="tests.test_video_studio_skill_scenarios" name="test_executable_skill_workflow[stream_copy]" time="2.118" /><testcase classname="tests.test_video_studio_skill_scenarios" name="test_executable_skill_workflow[normalize_incompatible]" time="1.750" /><testcase classname="tests.test_video_studio_skill_scenarios" name="test_executable_skill_workflow[vertical_reels]" time="2.624" /><testcase classname="tests.test_video_studio_skill_scenarios" name="test_executable_skill_workflow[observe_silence]" time="2.715" /><testcase classname="tests.test_video_studio_skill_scenarios" name="test_executable_skill_workflow[speech_denoise]" time="2.211" /><testcase classname="tests.test_video_studio_skill_scenarios" name="test_executable_skill_workflow[music_ducking]" time="3.023" /><testcase classname="tests.test_video_studio_skill_scenarios" name="test_executable_skill_workflow[russian_captions]" time="1.759" /><testcase classname="tests.test_video_studio_skill_scenarios" name="test_executable_skill_workflow[fresh_vibes_30_seconds]" time="3.881" /><testcase classname="tests.test_video_studio_skill_scenarios" name="test_executable_skill_workflow[replace_scene]" time="2.294" /><testcase classname="tests.test_video_studio_skill_scenarios" name="test_executable_skill_workflow[failed_export]" time="1.501" /><testcase classname="tests.test_video_studio_skill_scenarios" name="test_executable_skill_workflow[missing_generation]" time="2.003" /><testcase classname="tests.test_video_studio_trained" name="test_valid_reverse_is_pure_draft" time="0.002" /><testcase classname="tests.test_video_studio_trained" name="test_invalid_prediction_not_repaired_or_applied[{&quot;type&quot;:&quot;clip.reverse&quot;,&quot;clip_id&quot;:&quot; unseen_take_0&quot;,&quot;reverse&quot;:true}]" time="0.002" /><testcase classname="tests.test_video_studio_trained" name="test_invalid_prediction_not_repaired_or_applied[{&quot;type&quot;:&quot;clip.reverse&quot;,&quot;clip_id&quot;:&quot;another_clip&quot;,&quot;reverse&quot;:true}]" time="0.002" /><testcase classname="tests.test_video_studio_trained" name="test_invalid_prediction_not_repaired_or_applied[{&quot;type&quot;:&quot;clip.trim&quot;,&quot;clip_id&quot;:&quot;unseen_take_0&quot;,&quot;source_in&quot;:9000000,&quot;source_out&quot;:1000000}]" time="0.002" /><testcase classname="tests.test_video_studio_trained" name="test_invalid_prediction_not_repaired_or_applied[{&quot;type&quot;:&quot;clip.audio&quot;,&quot;clip_id&quot;:&quot;unseen_take_0&quot;,&quot;patch&quot;:{&quot;volume&quot;:-1}}]" time="0.002" /><testcase classname="tests.test_video_studio_trained" name="test_invalid_prediction_not_repaired_or_applied[{&quot;type&quot;:&quot;clip.transform&quot;,&quot;clip_id&quot;:&quot;unseen_take_0&quot;,&quot;patch&quot;:{&quot;opacity&quot;:0.5,&quot;x&quot;:1}}]" time="0.002" /><testcase classname="tests.test_video_studio_trained" name="test_invalid_prediction_not_repaired_or_applied[{&quot;type&quot;:&quot;project.archive&quot;,&quot;clip_id&quot;:&quot;unseen_take_0&quot;}]" time="0.002" /><testcase classname="tests.test_video_studio_trained" name="test_invalid_prediction_not_repaired_or_applied[{&quot;type&quot;:&quot;clip.reverse&quot;,&quot;clip_id&quot;:&quot;unseen_take_0&quot;,&quot;reverse&quot;:true,&quot;path&quot;:&quot;secret&quot;}]" time="0.002" /><testcase classname="tests.test_video_studio_trained" name="test_invalid_prediction_not_repaired_or_applied[{&quot;type&quot;:&quot;clip.reverse&quot;,&quot;clip_id&quot;:&quot;bad&quot;,&quot;clip_id&quot;:&quot;unseen_take_0&quot;,&quot;reverse&quot;:true}]" time="0.002" /><testcase classname="tests.test_video_studio_trained" name="test_invalid_prediction_not_repaired_or_applied[{&quot;type&quot;:&quot;clip.audio&quot;,&quot;clip_id&quot;:&quot;unseen_take_0&quot;,&quot;patch&quot;:{&quot;volume&quot;:NaN}}]" time="0.002" /><testcase classname="tests.test_video_studio_trained" name="test_invalid_prediction_not_repaired_or_applied[```json\n{&quot;type&quot;:&quot;clip.reverse&quot;,&quot;clip_id&quot;:&quot;unseen_take_0&quot;,&quot;reverse&quot;:true}\n```]" time="0.002" /><testcase classname="tests.test_video_studio_trained" name="test_invalid_prediction_not_repaired_or_applied[[]]" time="0.002" /><testcase classname="tests.test_video_studio_trained" name="test_locked_track_cannot_get_applicable_draft" time="0.002" /><testcase classname="tests.test_video_studio_trained" name="test_no_remote_provider_configuration[https://example.com/v1]" time="0.005" /><testcase classname="tests.test_video_studio_trained" name="test_no_remote_provider_configuration[http://192.168.1.4:8879/v1]" time="0.002" /><testcase classname="tests.test_video_studio_trained" name="test_no_remote_provider_configuration[http://localhost:8879/v1]" time="0.001" /><testcase classname="tests.test_video_studio_trained" name="test_no_remote_provider_configuration[http://127.0.0.1:8879/v1?redirect=evil]" time="0.001" /><testcase classname="tests.test_video_studio_trained" name="test_no_remote_provider_configuration[http://user:pass@127.0.0.1:8879/v1]" time="0.001" /><testcase classname="tests.test_video_studio_trained" name="test_isolated_generation_reaps_real_child_without_parent_model" time="0.095" /><testcase classname="tests.test_video_studio_trained" name="test_isolated_inference_deadline_or_cancel_kills_and_reaps[False]" time="0.223" /><testcase classname="tests.test_video_studio_trained" name="test_isolated_inference_deadline_or_cancel_kills_and_reaps[True]" time="0.112" /><testcase classname="tests.test_video_studio_trained" name="test_changed_adapter_refuses_before_child_spawn" time="0.015" /><testcase classname="tests.test_video_studio_trained" name="test_server_request_bounds[change0]" time="0.003" /><testcase classname="tests.test_video_studio_trained" name="test_server_request_bounds[change1]" time="0.002" /><testcase classname="tests.test_video_studio_trained" name="test_server_request_bounds[change2]" time="0.002" /><testcase classname="tests.test_video_studio_trained" name="test_server_request_bounds[change3]" time="0.002" /><testcase classname="tests.test_video_studio_trained" name="test_server_request_bounds[change4]" time="0.002" /><testcase classname="tests.test_video_studio_trained" name="test_server_request_bounds[change5]" time="0.002" /><testcase classname="tests.test_video_studio_trained" name="test_server_request_bounds[change6]" time="0.002" /><testcase classname="tests.test_video_studio_trained" name="test_server_auth_origin_and_no_model_execution" time="0.006" /><testcase classname="tests.test_video_studio_trained" name="test_real_trained_model_proposal" time="0.003"><skipped type="pytest.skip" message="optional trained server token not configured">C:\Users\timur\AppData\Local\Temp\opencode\kimi-wt\command-center\tests\test_video_studio_trained.py:156: optional trained server token not configured</skipped></testcase><testcase classname="tests.test_web_designer" name="test_dom_roundtrip_preserves_entities_comments_and_script" time="0.002" /><testcase classname="tests.test_web_designer" name="test_dom_bd_ids_deterministic_and_found_in_edit" time="0.002" /><testcase classname="tests.test_web_designer" name="test_dom_edit_by_short_path_and_text" time="0.002" /><testcase classname="tests.test_web_designer" name="test_dom_path_nth_of_type" time="0.002" /><testcase classname="tests.test_web_designer" name="test_dom_replace_and_delete" time="0.002" /><testcase classname="tests.test_web_designer" name="test_dom_errors_are_explicit" time="0.002" /><testcase classname="tests.test_web_designer" name="test_inject_preview_numbers_elements_and_stores_clean" time="0.002" /><testcase classname="tests.test_web_designer" name="test_create_generates_site_and_preview_picks" time="0.616" /><testcase classname="tests.test_web_designer" name="test_blank_project_and_code_save" time="0.528" /><testcase classname="tests.test_web_designer" name="test_point_edits_via_api" time="0.943" /><testcase classname="tests.test_web_designer" name="test_versions_and_restore" time="1.044" /><testcase classname="tests.test_web_designer" name="test_generate_endpoint_steps_and_detection" time="0.810" /><testcase classname="tests.test_web_designer" name="test_templates_catalog" time="0.846" /><testcase classname="tests.test_web_designer" name="test_ai_edit_honest_without_model" time="1.019" /><testcase classname="tests.test_web_designer" name="test_list_and_delete_project" time="1.017" /><testcase classname="tests.test_web_designer" name="test_preview_of_hostile_code_cannot_reach_the_panel" time="1.160" /><testcase classname="tests.test_web_designer" name="test_preview_iframe_is_sandboxed_in_the_ui" time="0.002" /><testcase classname="tests.test_web_designer" name="test_listed_version_can_always_be_restored" time="4.859" /><testcase classname="tests.test_web_designer" name="test_oversized_document_is_refused_on_every_write_path" time="0.887" /><testcase classname="tests.test_web_designer" name="test_project_limit_refuses_instead_of_hiding" time="0.845" /><testcase classname="tests.test_web_designer" name="test_roundtrip_is_byte_for_byte[\u0438\u043d\u0441\u0442\u0440\u0443\u043a\u0446\u0438\u044f \u043e\u0431\u0440\u0430\u0431\u043e\u0442\u043a\u0438 php-&lt;!doctype html&gt;&lt;html&gt;&lt;body&gt;&lt;?php echo &quot;x&quot;; ?&gt;&lt;h1&gt;T&lt;/h1&gt;&lt;/body&gt;&lt;/html&gt;]" time="0.002" /><testcase classname="tests.test_web_designer" name="test_roundtrip_is_byte_for_byte[\u043e\u0431\u044a\u044f\u0432\u043b\u0435\u043d\u0438\u0435 xml-&lt;?xml version=&quot;1.0&quot;?&gt;&lt;html&gt;&lt;body&gt;&lt;h1&gt;T&lt;/h1&gt;&lt;/body&gt;&lt;/html&gt;]" time="0.002" /><testcase classname="tests.test_web_designer" name="test_roundtrip_is_byte_for_byte[\u0441\u0435\u043a\u0446\u0438\u044f CDATA-&lt;html&gt;&lt;body&gt;&lt;![CDATA[raw &lt; stuff]]&gt;&lt;h1&gt;T&lt;/h1&gt;&lt;/body&gt;&lt;/html&gt;]" time="0.002" /><testcase classname="tests.test_web_designer" name="test_roundtrip_is_byte_for_byte[\u0438\u043d\u043b\u0430\u0439\u043d\u043e\u0432\u044b\u0439 SVG: \u0440\u0435\u0433\u0438\u0441\u0442\u0440 \u0437\u043d\u0430\u0447\u0438\u043c-&lt;html&gt;&lt;body&gt;&lt;svg viewBox=&quot;0 0 10 10&quot;&gt;&lt;linearGradient id=&quot;g&quot;&gt;&lt;/linearGradient&gt;&lt;clipPath id=&quot;c&quot;&gt;&lt;/clipPath&gt;&lt;/svg&gt;&lt;h1&gt;T&lt;/h1&gt;&lt;/body&gt;&lt;/html&gt;]" time="0.002" /><testcase classname="tests.test_web_designer" name="test_roundtrip_is_byte_for_byte[\u0440\u0435\u0433\u0438\u0441\u0442\u0440 \u0438\u043c\u0451\u043d \u0430\u0442\u0440\u0438\u0431\u0443\u0442\u043e\u0432-&lt;html&gt;&lt;body&gt;&lt;h1 CLASS=&quot;A&quot; Data-X=&quot;1&quot;&gt;T&lt;/h1&gt;&lt;/body&gt;&lt;/html&gt;]" time="0.002" /><testcase classname="tests.test_web_designer" name="test_roundtrip_is_byte_for_byte[\u043e\u0434\u0438\u043d\u0430\u0440\u043d\u044b\u0435 \u043a\u0430\u0432\u044b\u0447\u043a\u0438 \u0438 \u0433\u043e\u043b\u043e\u0435 \u0437\u043d\u0430\u0447\u0435\u043d\u0438\u0435-&lt;html&gt;&lt;body&gt;&lt;h1 class='a' data-n=7&gt;T&lt;/h1&gt;&lt;/body&gt;&lt;/html&gt;]" time="0.002" /><testcase classname="tests.test_web_designer" name="test_roundtrip_is_byte_for_byte[\u0441\u0430\u043c\u043e\u0437\u0430\u043a\u0440\u044b\u0442\u0438\u0435-&lt;html&gt;&lt;body&gt;&lt;br/&gt;&lt;img src=&quot;a.png&quot; /&gt;&lt;/body&gt;&lt;/html&gt;]" time="0.008" /><testcase classname="tests.test_web_designer" name="test_roundtrip_is_byte_for_byte[\u043a\u043e\u043c\u043c\u0435\u043d\u0442\u0430\u0440\u0438\u0438, \u0441\u0443\u0449\u043d\u043e\u0441\u0442\u0438 \u0438 \u0440\u0430\u0437\u043c\u0435\u0442\u043a\u0430 \u0432\u043d\u0443\u0442\u0440\u0438 script-&lt;html&gt;&lt;body&gt;&lt;!-- x --&gt;&lt;p&gt;A &amp;amp; B &amp;lt;ok&amp;gt;&lt;/p&gt;&lt;script&gt;if (1&lt;2){alert('x&amp;y')}&lt;/script&gt;&lt;br&gt;&lt;/body&gt;&lt;/html&gt;]" time="0.002" /><testcase classname="tests.test_web_designer" name="test_unrelated_markup_survives_a_one_element_edit" time="0.002" /><testcase classname="tests.test_web_designer" name="test_truncated_markup_is_kept_not_swallowed" time="0.002" /><testcase classname="tests.test_web_designer" name="test_deeply_nested_document_does_not_crash_the_panel" time="0.035" /><testcase classname="tests.test_web_designer" name="test_attribute_name_injection_is_refused_not_serialized" time="0.003" /><testcase classname="tests.test_web_designer" name="test_escaping_of_values_text_and_style_still_holds" time="0.002" /><testcase classname="tests.test_web_designer" name="test_text_edit_does_not_silently_flatten_a_subtree" time="0.002" /><testcase classname="tests.test_web_designer" name="test_stale_selection_is_refused_instead_of_editing_a_stranger" time="0.002" /><testcase classname="tests.test_web_designer" name="test_unbalanced_replacement_is_refused_not_half_applied" time="0.002" /><testcase classname="tests.test_web_designer" name="test_owner_data_bd_id_is_not_destroyed" time="0.002" /><testcase classname="tests.test_web_designer" name="test_generator_escapes_the_project_name" time="0.002" /><testcase classname="tests.test_web_designer" name="test_project_id_is_a_number_for_the_ui" time="1.024" /><testcase classname="tests.test_web_designer" name="test_ui_restores_last_project_and_deep_link" time="0.002" /><testcase classname="tests.test_web_designer" name="test_concurrent_edit_is_reported_not_silently_overwritten" time="0.928" /><testcase classname="tests.test_web_designer" name="test_live_file_is_written_atomically" time="0.610" /><testcase classname="tests.test_web_designer_sandbox_ui" name="test_picker_still_works_and_frame_is_isolated" time="6.108" /><testcase classname="tests.test_web_designer_source_fidelity" name="test_svg_attribute_spelling_survives_edit_with_multiline_attributes[\n]" time="0.002" /><testcase classname="tests.test_web_designer_source_fidelity" name="test_svg_attribute_spelling_survives_edit_with_multiline_attributes[\r\n]" time="0.002" /><testcase classname="tests.test_web_designer_source_fidelity" name="test_svg_attribute_spelling_survives_edit_with_multiline_attributes[\t]" time="0.002" /><testcase classname="tests.test_web_designer_source_fidelity" name="test_svg_attribute_spelling_survives_edit_with_multiline_attributes[ ]" time="0.002" /><testcase classname="tests.test_web_designer_source_fidelity" name="test_svg_attribute_spelling_survives_edit_with_multiline_attributes[\x0c]" time="0.005" /><testcase classname="tests.test_web_designer_source_fidelity" name="test_end_tokens_and_omitted_endings_are_retained[&lt;DIV&gt;&lt;p&gt;hello&lt;/p &gt;&lt;/DIV &gt;]" time="0.002" /><testcase classname="tests.test_web_designer_source_fidelity" name="test_end_tokens_and_omitted_endings_are_retained[&lt;p&gt;hello&lt;/p&gt;&lt;/stray&gt;]" time="0.002" /><testcase classname="tests.test_web_designer_source_fidelity" name="test_end_tokens_and_omitted_endings_are_retained[&lt;p&gt;hello]" time="0.002" /><testcase classname="tests.test_web_designer_source_fidelity" name="test_end_tokens_and_omitted_endings_are_retained[&lt;main&gt;&lt;span&gt;hello&lt;/main&gt;]" time="0.001" /><testcase classname="tests.test_web_designer_source_fidelity" name="test_end_tokens_and_omitted_endings_are_retained[&lt;HTML&gt;&lt;BODY&gt;&lt;p&gt;hello&lt;/P &gt;\n&lt;/body&gt;&lt;/HTML&gt;]" time="0.002" /><testcase classname="tests.test_web_designer_source_fidelity" name="test_end_tokens_and_omitted_endings_are_retained[&lt;br&gt;&lt;/br&gt;&lt;div&gt;x&lt;/DIV &gt;]" time="0.002" /><testcase classname="tests.test_web_designer_source_fidelity" name="test_small_edit_preserves_untouched_closing_tokens" time="0.002" /><testcase classname="tests.test_web_designer_source_fidelity" name="test_programmatically_constructed_nodes_still_close" time="0.002" /><testcase classname="tests.test_web_designer_viewport" name="test_viewport_module_serialization_and_geometry" time="0.138" /><testcase classname="tests.test_web_designer_viewport" name="test_viewport_toolbar_changes_actual_iframe_geometry_without_editing_project" time="3.050" /></testsuite></testsuites>