<?xml version="1.0" encoding="utf-8"?><testsuites name="pytest tests"><testsuite name="pytest" errors="0" failures="0" skipped="0" tests="12" time="0.903" timestamp="2026-09-06T15:12:33.053286+02:00" hostname="ASD"><testcase classname="tests.test_epoch4_mission_ir" name="test_cross_effect_cycle_and_duplicate_ids_rejected" time="0.001" /><testcase classname="tests.test_epoch4_mission_ir" name="test_json_parser_rejects_duplicate_nonfinite_oversized_and_deep_payloads" time="0.001" /><testcase classname="tests.test_epoch5_objective_spec" name="test_missing_duplicate_changed_source_and_no_implicit_enrollment" time="0.000" /><testcase classname="tests.test_epoch5_objective_spec" name="test_duplicate_triggers_and_reordered_observations_keep_same_proposal_key" time="0.001" /><testcase classname="tests.test_final_live_session_analysis" name="test_incomplete_or_duplicate_export_is_rejected" time="0.073" /><testcase classname="tests.test_learning_store_authority" name="test_duplicate_case_id_is_a_version_not_a_duplicate" time="0.071" /><testcase classname="tests.test_readme_scorecard" name="test_duplicate_category_rejected" time="0.001" /><testcase classname="tests.test_v5_admission" name="test_duplicate_proposal_identity_yields_one_admitted_intent" time="0.089" /><testcase classname="tests.test_v5_golden_missions" name="test_h04_crash_between_deviation_and_receipt_never_duplicates_an_effect" time="0.087" /><testcase classname="tests.test_v5_golden_missions" name="test_h06_duplicate_and_out_of_order_events_admit_at_most_one_intent" time="0.141" /><testcase classname="tests.test_v5_observers" name="test_duplicate_source_in_one_batch_refuses_every_claimant" time="0.051" /><testcase classname="tests.test_v5_recovery" name="test_crash_after_journal_before_receipt_no_duplicate_on_second_recover" time="0.097" /></testsuite></testsuites>