<?xml version="1.0" encoding="utf-8"?><testsuites name="pytest tests"><testsuite name="pytest" errors="0" failures="1" skipped="0" tests="4" time="0.790" timestamp="2026-09-06T15:21:38.972230+02:00" hostname="ASD"><testcase classname="tests.test_v5_human_speed" name="test_objective_store_cas_ops_stay_under_10ms" time="0.643"><failure message="AssertionError: CAS p95 13.64 ms over 10.0 ms (61 ops)&#10;assert 13.637199997901917 &lt; 10.0">E   AssertionError: CAS p95 13.64 ms over 10.0 ms (61 ops)
    assert 13.637199997901917 &lt; 10.0</failure></testcase><testcase classname="tests.test_v5_human_speed" name="test_observation_cycle_is_deterministic_and_under_100ms" time="0.054" /><testcase classname="tests.test_v5_human_speed" name="test_observer_hot_path_contains_no_sleep_placeholders" time="0.001" /><testcase classname="tests.test_v5_human_speed" name="test_crash_recovery_reaches_known_good_state_under_2s" time="0.057" /></testsuite></testsuites>