<?xml version="1.0" encoding="utf-8"?><testsuites name="pytest tests"><testsuite name="pytest" errors="0" failures="0" skipped="3" tests="37" time="31.302" timestamp="2026-09-06T15:09:37.703979+02:00" hostname="ASD"><testcase classname="tests.test_context_slice" name="test_repo_map_rebuilds_on_modified_file_under_same_head" time="1.093" /><testcase classname="tests.test_context_slice" name="test_fingerprint_changes_on_add_delete_rename_untracked_symlink" time="1.410"><skipped type="pytest.skip" message="SKIP_HOST: symlink privilege unavailable on this host: [WinError 1314] A required privilege is not held by the client: 'pkg/a.py' -&gt; 'C:\\Users\\timur\\AppData\\Local\\Temp\\pytest-of-timur\\pytest-583\\test_fingerprint_changes_on_ad0\\repo\\link.py'">C:\Users\timur\AppData\Local\Temp\opencode\kimi-wt\tests\test_context_slice.py:97: SKIP_HOST: symlink privilege unavailable on this host: [WinError 1314] A required privilege is not held by the client: 'pkg/a.py' -&gt; 'C:\\Users\\timur\\AppData\\Local\\Temp\\pytest-of-timur\\pytest-583\\test_fingerprint_changes_on_ad0\\repo\\link.py'</skipped></testcase><testcase classname="tests.test_context_slice" name="test_concurrent_edits_to_different_files_are_distinguished" time="1.175" /><testcase classname="tests.test_context_slice" name="test_default_cache_dir_inside_root_does_not_self_invalidate" time="0.647" /><testcase classname="tests.test_context_slice" name="test_non_git_root_falls_back_to_content_fingerprint" time="0.543" /><testcase classname="tests.test_context_slice" name="test_explicit_sha_override_is_validated_and_never_a_git_option" time="0.612" /><testcase classname="tests.test_context_slice" name="test_head_sha_is_40_hex_or_nogit" time="0.568" /><testcase classname="tests.test_context_slice" name="test_cli_map_rejects_invalid_sha" time="1.172" /><testcase classname="tests.test_context_slice" name="test_failing_test_slice_is_depth_bounded_and_hashed" time="0.018" /><testcase classname="tests.test_context_slice" name="test_real_secrem_test_slice_is_a_small_fraction_of_the_app" time="1.735" /><testcase classname="tests.test_skips_registry" name="test_registry_is_current_and_every_skip_has_a_reason" time="9.210" /><testcase classname="tests.test_skips_registry" name="test_registry_rows_carry_owner_env_and_review" time="9.403" /><testcase classname="tests.test_v5_observers" name="test_file_observation_is_deterministic_and_content_bound" time="1.855" /><testcase classname="tests.test_v5_observers" name="test_missing_file_is_reported_absent_not_omitted" time="0.005" /><testcase classname="tests.test_v5_observers" name="test_record_carries_exactly_the_evaluate_fields" time="0.010" /><testcase classname="tests.test_v5_observers" name="test_observer_requires_an_explicit_enrollment" time="0.003" /><testcase classname="tests.test_v5_observers" name="test_file_observer_refuses_to_treat_a_symlink_as_the_named_file" time="0.006"><skipped type="pytest.skip" message="SKIP_HOST: symlink privilege unavailable on this host: [WinError 1314] A required privilege is not held by the client: 'C:\\Users\\timur\\AppData\\Local\\Temp\\pytest-of-timur\\pytest-583\\test_file_observer_refuses_to_0\\outside.txt' -&gt; 'C:\\Users\\timur\\AppData\\Local\\Temp\\pytest-of-timur\\pytest-583\\test_file_observer_refuses_to_0\\link.txt'">C:\Users\timur\AppData\Local\Temp\opencode\kimi-wt\tests\test_v5_observers.py:123: SKIP_HOST: symlink privilege unavailable on this host: [WinError 1314] A required privilege is not held by the client: 'C:\\Users\\timur\\AppData\\Local\\Temp\\pytest-of-timur\\pytest-583\\test_file_observer_refuses_to_0\\outside.txt' -&gt; 'C:\\Users\\timur\\AppData\\Local\\Temp\\pytest-of-timur\\pytest-583\\test_file_observer_refuses_to_0\\link.txt'</skipped></testcase><testcase classname="tests.test_v5_observers" name="test_directory_observation_is_sorted_bounded_and_deterministic" time="0.053" /><testcase classname="tests.test_v5_observers" name="test_directory_observer_refuses_symlink_escape" time="0.009"><skipped type="pytest.skip" message="SKIP_HOST: symlink privilege unavailable on this host: [WinError 1314] A required privilege is not held by the client: 'C:\\Users\\timur\\AppData\\Local\\Temp\\pytest-of-timur\\pytest-583\\test_directory_observer_refuse0\\outside.txt' -&gt; 'C:\\Users\\timur\\AppData\\Local\\Temp\\pytest-of-timur\\pytest-583\\test_directory_observer_refuse0\\tree\\escape'">C:\Users\timur\AppData\Local\Temp\opencode\kimi-wt\tests\test_v5_observers.py:154: SKIP_HOST: symlink privilege unavailable on this host: [WinError 1314] A required privilege is not held by the client: 'C:\\Users\\timur\\AppData\\Local\\Temp\\pytest-of-timur\\pytest-583\\test_directory_observer_refuse0\\outside.txt' -&gt; 'C:\\Users\\timur\\AppData\\Local\\Temp\\pytest-of-timur\\pytest-583\\test_directory_observer_refuse0\\tree\\escape'</skipped></testcase><testcase classname="tests.test_v5_observers" name="test_scheduled_check_refuses_non_json_values" time="0.005" /><testcase classname="tests.test_v5_observers" name="test_unenrolled_source_is_dropped" time="0.090" /><testcase classname="tests.test_v5_observers" name="test_duplicate_source_in_one_batch_refuses_every_claimant" time="0.099" /><testcase classname="tests.test_v5_observers" name="test_stale_objective_digest_binding_is_dropped" time="0.097" /><testcase classname="tests.test_v5_observers" name="test_batch_never_exceeds_the_remaining_observation_budget" time="0.131" /><testcase classname="tests.test_v5_observers" name="test_should_observe_reports_no_change_when_the_world_is_steady" time="0.096" /><testcase classname="tests.test_v5_observers" name="test_end_to_end_satisfied_from_a_real_file" time="0.889" /><testcase classname="tests.test_v5_observers" name="test_end_to_end_deviated_when_the_named_file_disappears" time="0.092" /><testcase classname="tests.test_v5_observers" name="test_wrong_source_revision_is_unknown" time="0.008" /><testcase classname="tests.test_v5_observers" name="test_wrong_objective_digest_is_unknown" time="0.029" /><testcase classname="tests.test_v5_observers" name="test_stale_and_unenrolled_observations_are_unknown" time="0.009" /><testcase classname="tests.test_v5_observers" name="test_read_is_three_valued_and_never_returns_a_stale_value" time="0.001" /><testcase classname="tests.test_v5_observers" name="test_unknown_sentinel_refuses_truth_testing" time="0.001" /><testcase classname="tests.test_v5_observers" name="test_future_facts_are_refused" time="0.000" /><testcase classname="tests.test_v5_observers" name="test_out_of_order_ingest_does_not_regress_world_state" time="0.000" /><testcase classname="tests.test_v5_observers" name="test_scopes_are_isolated" time="0.000" /><testcase classname="tests.test_v5_observers" name="test_scope_storage_is_bounded_with_oldest_first_eviction" time="0.001" /><testcase classname="tests.test_v5_observers" name="test_fact_from_observation_binds_scope_and_refuses_unmeasured_keys" time="0.007" /></testsuite></testsuites>